<?xml version="1.0" encoding="UTF-8"?>
<!-- Generated by org.testng.reporters.JUnitReportReporter -->
<testsuite skipped="0" hostname="LAP639PER" name="com.observerTesting.testCases.LoginPageTest" tests="3" failures="0" timestamp="2022-01-05T13:01:21 IST" time="17.496" errors="0">
  <testcase name="loginPageTitleTest" time="7.854" classname="com.observerTesting.testCases.LoginPageTest"/>
  <system-out/>
  <testcase name="velocisLogoImageTest" time="5.033" classname="com.observerTesting.testCases.LoginPageTest"/>
  <system-out/>
  <testcase name="loginTest" time="4.609" classname="com.observerTesting.testCases.LoginPageTest"/>
  <system-out/>
</testsuite> <!-- com.observerTesting.testCases.LoginPageTest -->
