<?xml version="1.0" encoding="UTF-8"?>
<!-- Generated by org.testng.reporters.JUnitReportReporter -->
<testsuite skipped="0" hostname="LAP639PER" name="com.observerTesting.testCases.ObserverPageTest" tests="2" failures="0" timestamp="2022-01-12T13:06:55 IST" time="13.000" errors="0">
  <testcase name="validateNetworkGrid" time="5.663" classname="com.observerTesting.testCases.ObserverPageTest"/>
  <system-out/>
  <testcase name="validateMonitoredDevices" time="7.337" classname="com.observerTesting.testCases.ObserverPageTest"/>
  <system-out/>
</testsuite> <!-- com.observerTesting.testCases.ObserverPageTest -->
