<?xml version="1.0" encoding="UTF-8"?>
<!-- Generated by org.testng.reporters.JUnitReportReporter -->
<testsuite skipped="0" hostname="LAP639PER" name="com.observerTesting.testCases.TC_LoginTest_001" tests="1" failures="0" timestamp="2021-12-21T15:58:16 IST" time="2.550" errors="0">
  <testcase name="loginTest" time="2.550" classname="com.observerTesting.testCases.TC_LoginTest_001"/>
  <system-out/>
</testsuite> <!-- com.observerTesting.testCases.TC_LoginTest_001 -->
