<?xml version="1.0" encoding="UTF-8"?>
<!-- Generated by org.testng.reporters.JUnitReportReporter -->
<testsuite skipped="0" hostname="LAP639PER" name="com.observerTesting.testCases.ObserverPageTest" tests="1" failures="0" timestamp="2022-01-05T13:01:21 IST" time="5.370" errors="0">
  <testcase name="validateNetworkGrid" time="5.370" classname="com.observerTesting.testCases.ObserverPageTest"/>
  <system-out/>
</testsuite> <!-- com.observerTesting.testCases.ObserverPageTest -->
