<?xml version="1.0" encoding="UTF-8"?>
<!-- Generated by org.testng.reporters.JUnitReportReporter -->
<testsuite skipped="0" hostname="LAP639PER" name="com.observerTesting.testCases.LoginPageTest" tests="3" failures="0" timestamp="2022-01-12T13:06:55 IST" time="12.152" errors="0">
  <testcase name="loginPageTitleTest" time="3.262" classname="com.observerTesting.testCases.LoginPageTest"/>
  <system-out/>
  <testcase name="velocisLogoImageTest" time="4.886" classname="com.observerTesting.testCases.LoginPageTest"/>
  <system-out/>
  <testcase name="loginTest" time="4.004" classname="com.observerTesting.testCases.LoginPageTest"/>
  <system-out/>
</testsuite> <!-- com.observerTesting.testCases.LoginPageTest -->
